<?xml version="1.0" encoding="UTF-8"?>
<!-- Generated by org.testng.reporters.JUnitReportReporter -->
<testsuite hostname="DESKTOP-7HNKN0S" failures="0" tests="2" name="com.testannotations.TestAnnotations" time="0.019" errors="0" timestamp="2020-05-20T15:24:21 IST" skipped="0">
  <testcase classname="com.testannotations.TestAnnotations" name="Test2" time="0.010"/>
  <system-out/>
  <testcase classname="com.testannotations.TestAnnotations" name="Test1" time="0.009"/>
  <system-out/>
</testsuite> <!-- com.testannotations.TestAnnotations -->
